#
# There is insufficient memory for the Java Runtime Environment to continue.
# Native memory allocation (malloc) failed to allocate 351536 bytes for Chunk::new
# Possible reasons:
#   The system is out of physical RAM or swap space
#   The process is running with CompressedOops enabled, and the Java Heap may be blocking the growth of the native heap
# Possible solutions:
#   Reduce memory load on the system
#   Increase physical memory or swap space
#   Check if swap backing store is full
#   Decrease Java heap size (-Xmx/-Xms)
#   Decrease number of Java threads
#   Decrease Java thread stack sizes (-Xss)
#   Set larger code cache with -XX:ReservedCodeCacheSize=
#   JVM is running with Unscaled Compressed Oops mode in which the Java heap is
#     placed in the first 4GB address space. The Java Heap base address is the
#     maximum limit for the native heap growth. Please use -XX:HeapBaseMinAddress
#     to set the Java Heap base and to place the Java Heap above 4GB virtual address.
# This output file may be truncated or incomplete.
#
#  Out of Memory Error (./src/hotspot/share/memory/arena.cpp:197), pid=33128, tid=33236
#
# JRE version: OpenJDK Runtime Environment Microsoft-7208460 (11.0.18+10) (build 11.0.18+10-LTS)
# Java VM: OpenJDK 64-Bit Server VM Microsoft-7208460 (11.0.18+10-LTS, mixed mode, tiered, compressed oops, g1 gc, windows-amd64)
# No core dump will be written. Minidumps are not enabled by default on client versions of Windows
#

---------------  S U M M A R Y ------------

Command Line: --add-opens=java.base/java.util=ALL-UNNAMED --add-opens=java.base/java.lang=ALL-UNNAMED --add-opens=java.base/java.lang.invoke=ALL-UNNAMED --add-opens=java.prefs/java.util.prefs=ALL-UNNAMED -XX:MaxMetaspaceSize=256m -XX:+HeapDumpOnOutOfMemoryError -Xms256m -Xmx512m -Dfile.encoding=x-windows-874 -Duser.country=US -Duser.language=en -Duser.variant org.gradle.launcher.daemon.bootstrap.GradleDaemon 5.3

Host: AMD Ryzen 5 4600H with Radeon Graphics         , 12 cores, 15G,  Windows 11 , 64 bit Build 22621 (10.0.22621.1194)
Time: Fri Mar 10 23:41:02 2023 SE Asia Standard Time elapsed time: 55.316853 seconds (0d 0h 0m 55s)

---------------  T H R E A D  ---------------

Current thread (0x000001bf54f8c000):  JavaThread "C2 CompilerThread0" daemon [_thread_in_native, id=33236, stack(0x0000008c04000000,0x0000008c04100000)]


Current CompileTask:
C2:  55316 6158       4       org.gradle.internal.service.DefaultServiceRegistry$OwnServices$ProviderAnalyser::analyseType (78 bytes)

Stack: [0x0000008c04000000,0x0000008c04100000]
Native frames: (J=compiled Java code, j=interpreted, Vv=VM code, C=native code)
V  [jvm.dll+0x62bf8a]
V  [jvm.dll+0x7b8fb9]
V  [jvm.dll+0x7ba6a8]
V  [jvm.dll+0x7bad83]
V  [jvm.dll+0x250248]
V  [jvm.dll+0xc260c]
V  [jvm.dll+0xc2bcc]
V  [jvm.dll+0x5190fb]
V  [jvm.dll+0x32a3a2]
V  [jvm.dll+0x3296aa]
V  [jvm.dll+0x2093b3]
V  [jvm.dll+0x20850d]
V  [jvm.dll+0x18a4b1]
V  [jvm.dll+0x217eec]
V  [jvm.dll+0x21612b]
V  [jvm.dll+0x77bac0]
V  [jvm.dll+0x7749f4]
V  [jvm.dll+0x62adf5]
C  [ucrtbase.dll+0x29363]
C  [KERNEL32.DLL+0x126bd]
C  [ntdll.dll+0x5dfb8]


---------------  P R O C E S S  ---------------

Threads class SMR info:
_java_thread_list=0x000001bf55bc41d0, length=32, elements={
0x000001bf38aca800, 0x000001bf54f30800, 0x000001bf54f39000, 0x000001bf54f88800,
0x000001bf54f89800, 0x000001bf54f8b000, 0x000001bf54f8c000, 0x000001bf54f97000,
0x000001bf54f9e000, 0x000001bf55103800, 0x000001bf56607000, 0x000001bf566db800,
0x000001bf55a1b800, 0x000001bf56a6d000, 0x000001bf568b6000, 0x000001bf56b07000,
0x000001bf56b06800, 0x000001bf56b08800, 0x000001bf57d38800, 0x000001bf57d3c800,
0x000001bf57d37000, 0x000001bf5c33b000, 0x000001bf5c338800, 0x000001bf5c339800,
0x000001bf56b03000, 0x000001bf5c330800, 0x000001bf5c331000, 0x000001bf5c32e800,
0x000001bf5c333000, 0x000001bf5c332000, 0x000001bf5c32f800, 0x000001bf57b9c800
}

Java Threads: ( => current thread )
  0x000001bf38aca800 JavaThread "main" [_thread_blocked, id=33184, stack(0x0000008c03400000,0x0000008c03500000)]
  0x000001bf54f30800 JavaThread "Reference Handler" daemon [_thread_blocked, id=33216, stack(0x0000008c03b00000,0x0000008c03c00000)]
  0x000001bf54f39000 JavaThread "Finalizer" daemon [_thread_blocked, id=33220, stack(0x0000008c03c00000,0x0000008c03d00000)]
  0x000001bf54f88800 JavaThread "Signal Dispatcher" daemon [_thread_blocked, id=33224, stack(0x0000008c03d00000,0x0000008c03e00000)]
  0x000001bf54f89800 JavaThread "Attach Listener" daemon [_thread_blocked, id=33228, stack(0x0000008c03e00000,0x0000008c03f00000)]
  0x000001bf54f8b000 JavaThread "Service Thread" daemon [_thread_blocked, id=33232, stack(0x0000008c03f00000,0x0000008c04000000)]
=>0x000001bf54f8c000 JavaThread "C2 CompilerThread0" daemon [_thread_in_native, id=33236, stack(0x0000008c04000000,0x0000008c04100000)]
  0x000001bf54f97000 JavaThread "C1 CompilerThread0" daemon [_thread_in_native, id=33240, stack(0x0000008c04100000,0x0000008c04200000)]
  0x000001bf54f9e000 JavaThread "Sweeper thread" daemon [_thread_blocked, id=33244, stack(0x0000008c04200000,0x0000008c04300000)]
  0x000001bf55103800 JavaThread "Common-Cleaner" daemon [_thread_blocked, id=33248, stack(0x0000008c04300000,0x0000008c04400000)]
  0x000001bf56607000 JavaThread "Daemon health stats" [_thread_blocked, id=33300, stack(0x0000008c04b00000,0x0000008c04c00000)]
  0x000001bf566db800 JavaThread "Incoming local TCP Connector on port 53301" [_thread_in_native, id=33304, stack(0x0000008c04500000,0x0000008c04600000)]
  0x000001bf55a1b800 JavaThread "Daemon periodic checks" [_thread_blocked, id=33320, stack(0x0000008c04c00000,0x0000008c04d00000)]
  0x000001bf56a6d000 JavaThread "Daemon" [_thread_blocked, id=33324, stack(0x0000008c04d00000,0x0000008c04e00000)]
  0x000001bf568b6000 JavaThread "Daemon worker" [_thread_in_vm, id=33336, stack(0x0000008c05000000,0x0000008c05100000)]
  0x000001bf56b07000 JavaThread "Cache worker for file hash cache (C:\Users\User\.gradle\caches\5.3\fileHashes)" [_thread_blocked, id=33360, stack(0x0000008c05400000,0x0000008c05500000)]
  0x000001bf56b06800 JavaThread "File lock request listener" [_thread_in_native, id=33364, stack(0x0000008c05500000,0x0000008c05600000)]
  0x000001bf56b08800 JavaThread "Cache worker for journal cache (C:\Users\User\.gradle\caches\journal-1)" [_thread_blocked, id=33372, stack(0x0000008c05600000,0x0000008c05700000)]
  0x000001bf57d38800 JavaThread "Cache worker for execution history cache (C:\Users\User\.gradle\caches\5.3\executionHistory)" [_thread_blocked, id=33428, stack(0x0000008c06200000,0x0000008c06300000)]
  0x000001bf57d3c800 JavaThread "Memory manager" [_thread_blocked, id=33452, stack(0x0000008c06500000,0x0000008c06600000)]
  0x000001bf57d37000 JavaThread "Cache worker for file content cache (C:\Users\User\.gradle\caches\5.3\fileContent)" [_thread_blocked, id=33456, stack(0x0000008c06600000,0x0000008c06700000)]
  0x000001bf5c33b000 JavaThread "Exec process" [_thread_blocked, id=33548, stack(0x0000008c07d00000,0x0000008c07e00000)]
  0x000001bf5c338800 JavaThread "Exec process Thread 2" [_thread_blocked, id=33568, stack(0x0000008c07e00000,0x0000008c07f00000)]
  0x000001bf5c339800 JavaThread "Exec process Thread 3" [_thread_blocked, id=33572, stack(0x0000008c07f00000,0x0000008c08000000)]
  0x000001bf56b03000 JavaThread "Cache worker for Java compile cache (C:\Users\User\.gradle\caches\5.3\javaCompile)" [_thread_blocked, id=33616, stack(0x0000008c07c00000,0x0000008c07d00000)]
  0x000001bf5c330800 JavaThread "Handler for socket connection from /127.0.0.1:53301 to /127.0.0.1:53348" [_thread_in_native, id=15644, stack(0x0000008c05100000,0x0000008c05200000)]
  0x000001bf5c331000 JavaThread "Cancel handler" [_thread_blocked, id=22176, stack(0x0000008c05200000,0x0000008c05300000)]
  0x000001bf5c32e800 JavaThread "Asynchronous log dispatcher for DefaultDaemonConnection: socket connection from /127.0.0.1:53301 to /127.0.0.1:53348" [_thread_blocked, id=25760, stack(0x0000008c05300000,0x0000008c05400000)]
  0x000001bf5c333000 JavaThread "Stdin handler" [_thread_blocked, id=33200, stack(0x0000008c05700000,0x0000008c05800000)]
  0x000001bf5c332000 JavaThread "Thread-85" [_thread_blocked, id=14488, stack(0x0000008c05e00000,0x0000008c05f00000)]
  0x000001bf5c32f800 JavaThread "Cache worker for file hash cache (C:\Users\User\Documents\GitHub\-jpacman-group6\jpacman-master-6\jpacman-master\.gradle\5.3\fileHashes)" [_thread_blocked, id=13088, stack(0x0000008c05f00000,0x0000008c06000000)]
  0x000001bf57b9c800 JavaThread "C2 CompilerThread1" daemon [_thread_in_vm, id=19132, stack(0x0000008c06000000,0x0000008c06100000)]

Other Threads:
  0x000001bf546f8800 VMThread "VM Thread" [stack: 0x0000008c03a00000,0x0000008c03b00000] [id=33212]
  0x000001bf55113800 WatcherThread [stack: 0x0000008c04400000,0x0000008c04500000] [id=33252]
  0x000001bf38ae4800 GCTaskThread "GC Thread#0" [stack: 0x0000008c03500000,0x0000008c03600000] [id=33188]
  0x000001bf55ab9000 GCTaskThread "GC Thread#1" [stack: 0x0000008c04600000,0x0000008c04700000] [id=33268]
  0x000001bf55ab9800 GCTaskThread "GC Thread#2" [stack: 0x0000008c04700000,0x0000008c04800000] [id=33272]
  0x000001bf55cea000 GCTaskThread "GC Thread#3" [stack: 0x0000008c04800000,0x0000008c04900000] [id=33276]
  0x000001bf55ceb000 GCTaskThread "GC Thread#4" [stack: 0x0000008c04900000,0x0000008c04a00000] [id=33280]
  0x000001bf55ad9000 GCTaskThread "GC Thread#5" [stack: 0x0000008c04a00000,0x0000008c04b00000] [id=33284]
  0x000001bf56b8b000 GCTaskThread "GC Thread#6" [stack: 0x0000008c05800000,0x0000008c05900000] [id=33384]
  0x000001bf56b8b800 GCTaskThread "GC Thread#7" [stack: 0x0000008c05900000,0x0000008c05a00000] [id=33388]
  0x000001bf56b8c000 GCTaskThread "GC Thread#8" [stack: 0x0000008c05a00000,0x0000008c05b00000] [id=33392]
  0x000001bf56b00000 GCTaskThread "GC Thread#9" [stack: 0x0000008c05b00000,0x0000008c05c00000] [id=33396]
  0x000001bf38af6800 ConcurrentGCThread "G1 Main Marker" [stack: 0x0000008c03600000,0x0000008c03700000] [id=33192]
  0x000001bf38af8800 ConcurrentGCThread "G1 Conc#0" [stack: 0x0000008c03700000,0x0000008c03800000] [id=33196]
  0x000001bf55ac7000 ConcurrentGCThread "G1 Conc#1" [stack: 0x0000008c05c00000,0x0000008c05d00000] [id=33404]
  0x000001bf57d51800 ConcurrentGCThread "G1 Conc#2" [stack: 0x0000008c05d00000,0x0000008c05e00000] [id=33408]
  0x000001bf54598800 ConcurrentGCThread "G1 Refine#0" [stack: 0x0000008c03800000,0x0000008c03900000] [id=33204]
  0x000001bf55bea000 ConcurrentGCThread "G1 Refine#1" [stack: 0x0000008c08400000,0x0000008c08500000] [id=33432]
  0x000001bf5459b800 ConcurrentGCThread "G1 Young RemSet Sampling" [stack: 0x0000008c03900000,0x0000008c03a00000] [id=33208]

Threads with active compile tasks:
C2 CompilerThread0    55343 6158       4       org.gradle.internal.service.DefaultServiceRegistry$OwnServices$ProviderAnalyser::analyseType (78 bytes)
C1 CompilerThread0    55343 6257   !   3       java.lang.Class::newInstance (160 bytes)
C2 CompilerThread1    55343 6261       4       groovyjarjarantlr.TokenBuffer::syncConsume (48 bytes)

VM state:not at safepoint (normal execution)

VM Mutex/Monitor currently owned by a thread: None

Heap address: 0x00000000e0000000, size: 512 MB, Compressed Oops mode: 32-bit
Narrow klass base: 0x0000000000000000, Narrow klass shift: 3
Compressed class space size: 260046848 Address: 0x0000000100000000

Heap:
 garbage-first heap   total 262144K, used 46991K [0x00000000e0000000, 0x0000000100000000)
  region size 1024K, 10 young (10240K), 7 survivors (7168K)
 Metaspace       used 59009K, capacity 60344K, committed 60416K, reserved 307200K
  class space    used 7512K, capacity 7926K, committed 7936K, reserved 253952K
Heap Regions: E=young(eden), S=young(survivor), O=old, HS=humongous(starts), HC=humongous(continues), CS=collection set, F=free, A=archive, TAMS=top-at-mark-start (previous, next)
|   0|0x00000000e0000000, 0x00000000e0100000, 0x00000000e0100000|100%| O|  |TAMS 0x00000000e0100000, 0x00000000e0000000| Untracked 
|   1|0x00000000e0100000, 0x00000000e0200000, 0x00000000e0200000|100%| O|  |TAMS 0x00000000e0200000, 0x00000000e0100000| Untracked 
|   2|0x00000000e0200000, 0x00000000e0300000, 0x00000000e0300000|100%|HS|  |TAMS 0x00000000e0300000, 0x00000000e0200000| Complete 
|   3|0x00000000e0300000, 0x00000000e0400000, 0x00000000e0400000|100%|HS|  |TAMS 0x00000000e0400000, 0x00000000e0300000| Complete 
|   4|0x00000000e0400000, 0x00000000e0500000, 0x00000000e0500000|100%|HC|  |TAMS 0x00000000e0500000, 0x00000000e0400000| Complete 
|   5|0x00000000e0500000, 0x00000000e0600000, 0x00000000e0600000|100%| O|  |TAMS 0x00000000e0600000, 0x00000000e0500000| Untracked 
|   6|0x00000000e0600000, 0x00000000e0700000, 0x00000000e0700000|100%| O|  |TAMS 0x00000000e0700000, 0x00000000e0600000| Untracked 
|   7|0x00000000e0700000, 0x00000000e0800000, 0x00000000e0800000|100%| O|  |TAMS 0x00000000e0800000, 0x00000000e0700000| Untracked 
|   8|0x00000000e0800000, 0x00000000e0900000, 0x00000000e0900000|100%| O|  |TAMS 0x00000000e0900000, 0x00000000e0800000| Untracked 
|   9|0x00000000e0900000, 0x00000000e0a00000, 0x00000000e0a00000|100%| O|  |TAMS 0x00000000e0a00000, 0x00000000e0900000| Untracked 
|  10|0x00000000e0a00000, 0x00000000e0b00000, 0x00000000e0b00000|100%| O|  |TAMS 0x00000000e0b00000, 0x00000000e0a00000| Untracked 
|  11|0x00000000e0b00000, 0x00000000e0c00000, 0x00000000e0c00000|100%| O|  |TAMS 0x00000000e0c00000, 0x00000000e0b00000| Untracked 
|  12|0x00000000e0c00000, 0x00000000e0d00000, 0x00000000e0d00000|100%| O|  |TAMS 0x00000000e0d00000, 0x00000000e0c00000| Untracked 
|  13|0x00000000e0d00000, 0x00000000e0e00000, 0x00000000e0e00000|100%| O|  |TAMS 0x00000000e0e00000, 0x00000000e0d00000| Untracked 
|  14|0x00000000e0e00000, 0x00000000e0f00000, 0x00000000e0f00000|100%| O|  |TAMS 0x00000000e0f00000, 0x00000000e0e00000| Untracked 
|  15|0x00000000e0f00000, 0x00000000e1000000, 0x00000000e1000000|100%| O|  |TAMS 0x00000000e1000000, 0x00000000e0f00000| Untracked 
|  16|0x00000000e1000000, 0x00000000e1100000, 0x00000000e1100000|100%| O|  |TAMS 0x00000000e1100000, 0x00000000e1000000| Untracked 
|  17|0x00000000e1100000, 0x00000000e1200000, 0x00000000e1200000|100%| O|  |TAMS 0x00000000e1200000, 0x00000000e1100000| Untracked 
|  18|0x00000000e1200000, 0x00000000e1300000, 0x00000000e1300000|100%| O|  |TAMS 0x00000000e1300000, 0x00000000e1200000| Untracked 
|  19|0x00000000e1300000, 0x00000000e1400000, 0x00000000e1400000|100%| O|  |TAMS 0x00000000e1400000, 0x00000000e1300000| Untracked 
|  20|0x00000000e1400000, 0x00000000e1500000, 0x00000000e1500000|100%| O|  |TAMS 0x00000000e1500000, 0x00000000e1400000| Untracked 
|  21|0x00000000e1500000, 0x00000000e1600000, 0x00000000e1600000|100%| O|  |TAMS 0x00000000e1600000, 0x00000000e1500000| Untracked 
|  22|0x00000000e1600000, 0x00000000e1700000, 0x00000000e1700000|100%| O|  |TAMS 0x00000000e1700000, 0x00000000e1600000| Untracked 
|  23|0x00000000e1700000, 0x00000000e1800000, 0x00000000e1800000|100%| O|  |TAMS 0x00000000e1800000, 0x00000000e1700000| Untracked 
|  24|0x00000000e1800000, 0x00000000e1900000, 0x00000000e1900000|100%| O|  |TAMS 0x00000000e1900000, 0x00000000e1800000| Untracked 
|  25|0x00000000e1900000, 0x00000000e1a00000, 0x00000000e1a00000|100%| O|  |TAMS 0x00000000e1a00000, 0x00000000e1900000| Untracked 
|  26|0x00000000e1a00000, 0x00000000e1b00000, 0x00000000e1b00000|100%| O|  |TAMS 0x00000000e1b00000, 0x00000000e1a00000| Untracked 
|  27|0x00000000e1b00000, 0x00000000e1c00000, 0x00000000e1c00000|100%| O|  |TAMS 0x00000000e1c00000, 0x00000000e1b00000| Untracked 
|  28|0x00000000e1c00000, 0x00000000e1d00000, 0x00000000e1d00000|100%| O|  |TAMS 0x00000000e1d00000, 0x00000000e1c00000| Untracked 
|  29|0x00000000e1d00000, 0x00000000e1e00000, 0x00000000e1e00000|100%| O|  |TAMS 0x00000000e1e00000, 0x00000000e1d00000| Untracked 
|  30|0x00000000e1e00000, 0x00000000e1f00000, 0x00000000e1f00000|100%| O|  |TAMS 0x00000000e1f00000, 0x00000000e1e00000| Untracked 
|  31|0x00000000e1f00000, 0x00000000e2000000, 0x00000000e2000000|100%| O|  |TAMS 0x00000000e2000000, 0x00000000e1f00000| Untracked 
|  32|0x00000000e2000000, 0x00000000e2100000, 0x00000000e2100000|100%| O|  |TAMS 0x00000000e2100000, 0x00000000e2000000| Untracked 
|  33|0x00000000e2100000, 0x00000000e2200000, 0x00000000e2200000|100%| O|  |TAMS 0x00000000e2200000, 0x00000000e2100000| Untracked 
|  34|0x00000000e2200000, 0x00000000e2300000, 0x00000000e2300000|100%| O|  |TAMS 0x00000000e2300000, 0x00000000e2200000| Untracked 
|  35|0x00000000e2300000, 0x00000000e2400000, 0x00000000e2400000|100%| O|  |TAMS 0x00000000e2400000, 0x00000000e2300000| Untracked 
|  36|0x00000000e2400000, 0x00000000e24f0c00, 0x00000000e2500000| 94%| O|  |TAMS 0x00000000e24f0c00, 0x00000000e2400000| Untracked 
|  37|0x00000000e2500000, 0x00000000e2500000, 0x00000000e2600000|  0%| F|  |TAMS 0x00000000e2500000, 0x00000000e2500000| Untracked 
|  38|0x00000000e2600000, 0x00000000e2600000, 0x00000000e2700000|  0%| F|  |TAMS 0x00000000e2600000, 0x00000000e2600000| Untracked 
|  39|0x00000000e2700000, 0x00000000e2700000, 0x00000000e2800000|  0%| F|  |TAMS 0x00000000e2700000, 0x00000000e2700000| Untracked 
|  40|0x00000000e2800000, 0x00000000e2800000, 0x00000000e2900000|  0%| F|  |TAMS 0x00000000e2800000, 0x00000000e2800000| Untracked 
|  41|0x00000000e2900000, 0x00000000e2900000, 0x00000000e2a00000|  0%| F|  |TAMS 0x00000000e2900000, 0x00000000e2900000| Untracked 
|  42|0x00000000e2a00000, 0x00000000e2a00000, 0x00000000e2b00000|  0%| F|  |TAMS 0x00000000e2a00000, 0x00000000e2a00000| Untracked 
|  43|0x00000000e2b00000, 0x00000000e2b00000, 0x00000000e2c00000|  0%| F|  |TAMS 0x00000000e2b00000, 0x00000000e2b00000| Untracked 
|  44|0x00000000e2c00000, 0x00000000e2c00000, 0x00000000e2d00000|  0%| F|  |TAMS 0x00000000e2c00000, 0x00000000e2c00000| Untracked 
|  45|0x00000000e2d00000, 0x00000000e2d00000, 0x00000000e2e00000|  0%| F|  |TAMS 0x00000000e2d00000, 0x00000000e2d00000| Untracked 
|  46|0x00000000e2e00000, 0x00000000e2e00000, 0x00000000e2f00000|  0%| F|  |TAMS 0x00000000e2e00000, 0x00000000e2e00000| Untracked 
|  47|0x00000000e2f00000, 0x00000000e2f00000, 0x00000000e3000000|  0%| F|  |TAMS 0x00000000e2f00000, 0x00000000e2f00000| Untracked 
|  48|0x00000000e3000000, 0x00000000e3000000, 0x00000000e3100000|  0%| F|  |TAMS 0x00000000e3000000, 0x00000000e3000000| Untracked 
|  49|0x00000000e3100000, 0x00000000e3100000, 0x00000000e3200000|  0%| F|  |TAMS 0x00000000e3100000, 0x00000000e3100000| Untracked 
|  50|0x00000000e3200000, 0x00000000e3200000, 0x00000000e3300000|  0%| F|  |TAMS 0x00000000e3200000, 0x00000000e3200000| Untracked 
|  51|0x00000000e3300000, 0x00000000e3300000, 0x00000000e3400000|  0%| F|  |TAMS 0x00000000e3300000, 0x00000000e3300000| Untracked 
|  52|0x00000000e3400000, 0x00000000e3400000, 0x00000000e3500000|  0%| F|  |TAMS 0x00000000e3400000, 0x00000000e3400000| Untracked 
|  53|0x00000000e3500000, 0x00000000e3500000, 0x00000000e3600000|  0%| F|  |TAMS 0x00000000e3500000, 0x00000000e3500000| Untracked 
|  54|0x00000000e3600000, 0x00000000e3600000, 0x00000000e3700000|  0%| F|  |TAMS 0x00000000e3600000, 0x00000000e3600000| Untracked 
|  55|0x00000000e3700000, 0x00000000e3700000, 0x00000000e3800000|  0%| F|  |TAMS 0x00000000e3700000, 0x00000000e3700000| Untracked 
|  56|0x00000000e3800000, 0x00000000e3800000, 0x00000000e3900000|  0%| F|  |TAMS 0x00000000e3800000, 0x00000000e3800000| Untracked 
|  57|0x00000000e3900000, 0x00000000e3900000, 0x00000000e3a00000|  0%| F|  |TAMS 0x00000000e3900000, 0x00000000e3900000| Untracked 
|  58|0x00000000e3a00000, 0x00000000e3a00000, 0x00000000e3b00000|  0%| F|  |TAMS 0x00000000e3a00000, 0x00000000e3a00000| Untracked 
|  59|0x00000000e3b00000, 0x00000000e3b00000, 0x00000000e3c00000|  0%| F|  |TAMS 0x00000000e3b00000, 0x00000000e3b00000| Untracked 
|  60|0x00000000e3c00000, 0x00000000e3c00000, 0x00000000e3d00000|  0%| F|  |TAMS 0x00000000e3c00000, 0x00000000e3c00000| Untracked 
|  61|0x00000000e3d00000, 0x00000000e3d00000, 0x00000000e3e00000|  0%| F|  |TAMS 0x00000000e3d00000, 0x00000000e3d00000| Untracked 
|  62|0x00000000e3e00000, 0x00000000e3e00000, 0x00000000e3f00000|  0%| F|  |TAMS 0x00000000e3e00000, 0x00000000e3e00000| Untracked 
|  63|0x00000000e3f00000, 0x00000000e3f00000, 0x00000000e4000000|  0%| F|  |TAMS 0x00000000e3f00000, 0x00000000e3f00000| Untracked 
|  64|0x00000000e4000000, 0x00000000e4000000, 0x00000000e4100000|  0%| F|  |TAMS 0x00000000e4000000, 0x00000000e4000000| Untracked 
|  65|0x00000000e4100000, 0x00000000e4100000, 0x00000000e4200000|  0%| F|  |TAMS 0x00000000e4100000, 0x00000000e4100000| Untracked 
|  66|0x00000000e4200000, 0x00000000e4200000, 0x00000000e4300000|  0%| F|  |TAMS 0x00000000e4200000, 0x00000000e4200000| Untracked 
|  67|0x00000000e4300000, 0x00000000e4300000, 0x00000000e4400000|  0%| F|  |TAMS 0x00000000e4300000, 0x00000000e4300000| Untracked 
|  68|0x00000000e4400000, 0x00000000e4400000, 0x00000000e4500000|  0%| F|  |TAMS 0x00000000e4400000, 0x00000000e4400000| Untracked 
|  69|0x00000000e4500000, 0x00000000e4500000, 0x00000000e4600000|  0%| F|  |TAMS 0x00000000e4500000, 0x00000000e4500000| Untracked 
|  70|0x00000000e4600000, 0x00000000e4600000, 0x00000000e4700000|  0%| F|  |TAMS 0x00000000e4600000, 0x00000000e4600000| Untracked 
|  71|0x00000000e4700000, 0x00000000e4700000, 0x00000000e4800000|  0%| F|  |TAMS 0x00000000e4700000, 0x00000000e4700000| Untracked 
|  72|0x00000000e4800000, 0x00000000e4800000, 0x00000000e4900000|  0%| F|  |TAMS 0x00000000e4800000, 0x00000000e4800000| Untracked 
|  73|0x00000000e4900000, 0x00000000e4900000, 0x00000000e4a00000|  0%| F|  |TAMS 0x00000000e4900000, 0x00000000e4900000| Untracked 
|  74|0x00000000e4a00000, 0x00000000e4a00000, 0x00000000e4b00000|  0%| F|  |TAMS 0x00000000e4a00000, 0x00000000e4a00000| Untracked 
|  75|0x00000000e4b00000, 0x00000000e4b00000, 0x00000000e4c00000|  0%| F|  |TAMS 0x00000000e4b00000, 0x00000000e4b00000| Untracked 
|  76|0x00000000e4c00000, 0x00000000e4c00000, 0x00000000e4d00000|  0%| F|  |TAMS 0x00000000e4c00000, 0x00000000e4c00000| Untracked 
|  77|0x00000000e4d00000, 0x00000000e4d00000, 0x00000000e4e00000|  0%| F|  |TAMS 0x00000000e4d00000, 0x00000000e4d00000| Untracked 
|  78|0x00000000e4e00000, 0x00000000e4e00000, 0x00000000e4f00000|  0%| F|  |TAMS 0x00000000e4e00000, 0x00000000e4e00000| Untracked 
|  79|0x00000000e4f00000, 0x00000000e4f00000, 0x00000000e5000000|  0%| F|  |TAMS 0x00000000e4f00000, 0x00000000e4f00000| Untracked 
|  80|0x00000000e5000000, 0x00000000e5000000, 0x00000000e5100000|  0%| F|  |TAMS 0x00000000e5000000, 0x00000000e5000000| Untracked 
|  81|0x00000000e5100000, 0x00000000e5100000, 0x00000000e5200000|  0%| F|  |TAMS 0x00000000e5100000, 0x00000000e5100000| Untracked 
|  82|0x00000000e5200000, 0x00000000e5200000, 0x00000000e5300000|  0%| F|  |TAMS 0x00000000e5200000, 0x00000000e5200000| Untracked 
|  83|0x00000000e5300000, 0x00000000e5300000, 0x00000000e5400000|  0%| F|  |TAMS 0x00000000e5300000, 0x00000000e5300000| Untracked 
|  84|0x00000000e5400000, 0x00000000e5400000, 0x00000000e5500000|  0%| F|  |TAMS 0x00000000e5400000, 0x00000000e5400000| Untracked 
|  85|0x00000000e5500000, 0x00000000e5500000, 0x00000000e5600000|  0%| F|  |TAMS 0x00000000e5500000, 0x00000000e5500000| Untracked 
|  86|0x00000000e5600000, 0x00000000e5600000, 0x00000000e5700000|  0%| F|  |TAMS 0x00000000e5600000, 0x00000000e5600000| Untracked 
|  87|0x00000000e5700000, 0x00000000e5700000, 0x00000000e5800000|  0%| F|  |TAMS 0x00000000e5700000, 0x00000000e5700000| Untracked 
|  88|0x00000000e5800000, 0x00000000e5800000, 0x00000000e5900000|  0%| F|  |TAMS 0x00000000e5800000, 0x00000000e5800000| Untracked 
|  89|0x00000000e5900000, 0x00000000e5900000, 0x00000000e5a00000|  0%| F|  |TAMS 0x00000000e5900000, 0x00000000e5900000| Untracked 
|  90|0x00000000e5a00000, 0x00000000e5a00000, 0x00000000e5b00000|  0%| F|  |TAMS 0x00000000e5a00000, 0x00000000e5a00000| Untracked 
|  91|0x00000000e5b00000, 0x00000000e5b00000, 0x00000000e5c00000|  0%| F|  |TAMS 0x00000000e5b00000, 0x00000000e5b00000| Untracked 
|  92|0x00000000e5c00000, 0x00000000e5c00000, 0x00000000e5d00000|  0%| F|  |TAMS 0x00000000e5c00000, 0x00000000e5c00000| Untracked 
|  93|0x00000000e5d00000, 0x00000000e5d00000, 0x00000000e5e00000|  0%| F|  |TAMS 0x00000000e5d00000, 0x00000000e5d00000| Untracked 
|  94|0x00000000e5e00000, 0x00000000e5e00000, 0x00000000e5f00000|  0%| F|  |TAMS 0x00000000e5e00000, 0x00000000e5e00000| Untracked 
|  95|0x00000000e5f00000, 0x00000000e5f00000, 0x00000000e6000000|  0%| F|  |TAMS 0x00000000e5f00000, 0x00000000e5f00000| Untracked 
|  96|0x00000000e6000000, 0x00000000e6000000, 0x00000000e6100000|  0%| F|  |TAMS 0x00000000e6000000, 0x00000000e6000000| Untracked 
|  97|0x00000000e6100000, 0x00000000e6100000, 0x00000000e6200000|  0%| F|  |TAMS 0x00000000e6100000, 0x00000000e6100000| Untracked 
|  98|0x00000000e6200000, 0x00000000e6200000, 0x00000000e6300000|  0%| F|  |TAMS 0x00000000e6200000, 0x00000000e6200000| Untracked 
|  99|0x00000000e6300000, 0x00000000e6300000, 0x00000000e6400000|  0%| F|  |TAMS 0x00000000e6300000, 0x00000000e6300000| Untracked 
| 100|0x00000000e6400000, 0x00000000e6400000, 0x00000000e6500000|  0%| F|  |TAMS 0x00000000e6400000, 0x00000000e6400000| Untracked 
| 101|0x00000000e6500000, 0x00000000e6500000, 0x00000000e6600000|  0%| F|  |TAMS 0x00000000e6500000, 0x00000000e6500000| Untracked 
| 102|0x00000000e6600000, 0x00000000e6600000, 0x00000000e6700000|  0%| F|  |TAMS 0x00000000e6600000, 0x00000000e6600000| Untracked 
| 103|0x00000000e6700000, 0x00000000e6700000, 0x00000000e6800000|  0%| F|  |TAMS 0x00000000e6700000, 0x00000000e6700000| Untracked 
| 104|0x00000000e6800000, 0x00000000e6800000, 0x00000000e6900000|  0%| F|  |TAMS 0x00000000e6800000, 0x00000000e6800000| Untracked 
| 105|0x00000000e6900000, 0x00000000e6900000, 0x00000000e6a00000|  0%| F|  |TAMS 0x00000000e6900000, 0x00000000e6900000| Untracked 
| 106|0x00000000e6a00000, 0x00000000e6a00000, 0x00000000e6b00000|  0%| F|  |TAMS 0x00000000e6a00000, 0x00000000e6a00000| Untracked 
| 107|0x00000000e6b00000, 0x00000000e6b00000, 0x00000000e6c00000|  0%| F|  |TAMS 0x00000000e6b00000, 0x00000000e6b00000| Untracked 
| 108|0x00000000e6c00000, 0x00000000e6c00000, 0x00000000e6d00000|  0%| F|  |TAMS 0x00000000e6c00000, 0x00000000e6c00000| Untracked 
| 109|0x00000000e6d00000, 0x00000000e6d00000, 0x00000000e6e00000|  0%| F|  |TAMS 0x00000000e6d00000, 0x00000000e6d00000| Untracked 
| 110|0x00000000e6e00000, 0x00000000e6e00000, 0x00000000e6f00000|  0%| F|  |TAMS 0x00000000e6e00000, 0x00000000e6e00000| Untracked 
| 111|0x00000000e6f00000, 0x00000000e6f00000, 0x00000000e7000000|  0%| F|  |TAMS 0x00000000e6f00000, 0x00000000e6f00000| Untracked 
| 112|0x00000000e7000000, 0x00000000e7000000, 0x00000000e7100000|  0%| F|  |TAMS 0x00000000e7000000, 0x00000000e7000000| Untracked 
| 113|0x00000000e7100000, 0x00000000e7100000, 0x00000000e7200000|  0%| F|  |TAMS 0x00000000e7100000, 0x00000000e7100000| Untracked 
| 114|0x00000000e7200000, 0x00000000e7200000, 0x00000000e7300000|  0%| F|  |TAMS 0x00000000e7200000, 0x00000000e7200000| Untracked 
| 115|0x00000000e7300000, 0x00000000e7300000, 0x00000000e7400000|  0%| F|  |TAMS 0x00000000e7300000, 0x00000000e7300000| Untracked 
| 116|0x00000000e7400000, 0x00000000e7400000, 0x00000000e7500000|  0%| F|  |TAMS 0x00000000e7400000, 0x00000000e7400000| Untracked 
| 117|0x00000000e7500000, 0x00000000e7500000, 0x00000000e7600000|  0%| F|  |TAMS 0x00000000e7500000, 0x00000000e7500000| Untracked 
| 118|0x00000000e7600000, 0x00000000e7600000, 0x00000000e7700000|  0%| F|  |TAMS 0x00000000e7600000, 0x00000000e7600000| Untracked 
| 119|0x00000000e7700000, 0x00000000e7700000, 0x00000000e7800000|  0%| F|  |TAMS 0x00000000e7700000, 0x00000000e7700000| Untracked 
| 120|0x00000000e7800000, 0x00000000e7800000, 0x00000000e7900000|  0%| F|  |TAMS 0x00000000e7800000, 0x00000000e7800000| Untracked 
| 121|0x00000000e7900000, 0x00000000e7900000, 0x00000000e7a00000|  0%| F|  |TAMS 0x00000000e7900000, 0x00000000e7900000| Untracked 
| 122|0x00000000e7a00000, 0x00000000e7a00000, 0x00000000e7b00000|  0%| F|  |TAMS 0x00000000e7a00000, 0x00000000e7a00000| Untracked 
| 123|0x00000000e7b00000, 0x00000000e7b00000, 0x00000000e7c00000|  0%| F|  |TAMS 0x00000000e7b00000, 0x00000000e7b00000| Untracked 
| 124|0x00000000e7c00000, 0x00000000e7c00000, 0x00000000e7d00000|  0%| F|  |TAMS 0x00000000e7c00000, 0x00000000e7c00000| Untracked 
| 125|0x00000000e7d00000, 0x00000000e7d00000, 0x00000000e7e00000|  0%| F|  |TAMS 0x00000000e7d00000, 0x00000000e7d00000| Untracked 
| 126|0x00000000e7e00000, 0x00000000e7e00000, 0x00000000e7f00000|  0%| F|  |TAMS 0x00000000e7e00000, 0x00000000e7e00000| Untracked 
| 127|0x00000000e7f00000, 0x00000000e7f00000, 0x00000000e8000000|  0%| F|  |TAMS 0x00000000e7f00000, 0x00000000e7f00000| Untracked 
| 128|0x00000000e8000000, 0x00000000e8000000, 0x00000000e8100000|  0%| F|  |TAMS 0x00000000e8000000, 0x00000000e8000000| Untracked 
| 129|0x00000000e8100000, 0x00000000e8100000, 0x00000000e8200000|  0%| F|  |TAMS 0x00000000e8100000, 0x00000000e8100000| Untracked 
| 130|0x00000000e8200000, 0x00000000e8200000, 0x00000000e8300000|  0%| F|  |TAMS 0x00000000e8200000, 0x00000000e8200000| Untracked 
| 131|0x00000000e8300000, 0x00000000e8300000, 0x00000000e8400000|  0%| F|  |TAMS 0x00000000e8300000, 0x00000000e8300000| Untracked 
| 132|0x00000000e8400000, 0x00000000e8400000, 0x00000000e8500000|  0%| F|  |TAMS 0x00000000e8400000, 0x00000000e8400000| Untracked 
| 133|0x00000000e8500000, 0x00000000e8500000, 0x00000000e8600000|  0%| F|  |TAMS 0x00000000e8500000, 0x00000000e8500000| Untracked 
| 134|0x00000000e8600000, 0x00000000e8600000, 0x00000000e8700000|  0%| F|  |TAMS 0x00000000e8600000, 0x00000000e8600000| Untracked 
| 135|0x00000000e8700000, 0x00000000e8700000, 0x00000000e8800000|  0%| F|  |TAMS 0x00000000e8700000, 0x00000000e8700000| Untracked 
| 136|0x00000000e8800000, 0x00000000e8800000, 0x00000000e8900000|  0%| F|  |TAMS 0x00000000e8800000, 0x00000000e8800000| Untracked 
| 137|0x00000000e8900000, 0x00000000e8900000, 0x00000000e8a00000|  0%| F|  |TAMS 0x00000000e8900000, 0x00000000e8900000| Untracked 
| 138|0x00000000e8a00000, 0x00000000e8a00000, 0x00000000e8b00000|  0%| F|  |TAMS 0x00000000e8a00000, 0x00000000e8a00000| Untracked 
| 139|0x00000000e8b00000, 0x00000000e8b00000, 0x00000000e8c00000|  0%| F|  |TAMS 0x00000000e8b00000, 0x00000000e8b00000| Untracked 
| 140|0x00000000e8c00000, 0x00000000e8c00000, 0x00000000e8d00000|  0%| F|  |TAMS 0x00000000e8c00000, 0x00000000e8c00000| Untracked 
| 141|0x00000000e8d00000, 0x00000000e8d00000, 0x00000000e8e00000|  0%| F|  |TAMS 0x00000000e8d00000, 0x00000000e8d00000| Untracked 
| 142|0x00000000e8e00000, 0x00000000e8e00000, 0x00000000e8f00000|  0%| F|  |TAMS 0x00000000e8e00000, 0x00000000e8e00000| Untracked 
| 143|0x00000000e8f00000, 0x00000000e8f00000, 0x00000000e9000000|  0%| F|  |TAMS 0x00000000e8f00000, 0x00000000e8f00000| Untracked 
| 144|0x00000000e9000000, 0x00000000e9000000, 0x00000000e9100000|  0%| F|  |TAMS 0x00000000e9000000, 0x00000000e9000000| Untracked 
| 145|0x00000000e9100000, 0x00000000e9100000, 0x00000000e9200000|  0%| F|  |TAMS 0x00000000e9100000, 0x00000000e9100000| Untracked 
| 146|0x00000000e9200000, 0x00000000e9200000, 0x00000000e9300000|  0%| F|  |TAMS 0x00000000e9200000, 0x00000000e9200000| Untracked 
| 147|0x00000000e9300000, 0x00000000e9300000, 0x00000000e9400000|  0%| F|  |TAMS 0x00000000e9300000, 0x00000000e9300000| Untracked 
| 148|0x00000000e9400000, 0x00000000e9400000, 0x00000000e9500000|  0%| F|  |TAMS 0x00000000e9400000, 0x00000000e9400000| Untracked 
| 149|0x00000000e9500000, 0x00000000e9500000, 0x00000000e9600000|  0%| F|  |TAMS 0x00000000e9500000, 0x00000000e9500000| Untracked 
| 150|0x00000000e9600000, 0x00000000e9600000, 0x00000000e9700000|  0%| F|  |TAMS 0x00000000e9600000, 0x00000000e9600000| Untracked 
| 151|0x00000000e9700000, 0x00000000e9700000, 0x00000000e9800000|  0%| F|  |TAMS 0x00000000e9700000, 0x00000000e9700000| Untracked 
| 152|0x00000000e9800000, 0x00000000e9800000, 0x00000000e9900000|  0%| F|  |TAMS 0x00000000e9800000, 0x00000000e9800000| Untracked 
| 153|0x00000000e9900000, 0x00000000e9900000, 0x00000000e9a00000|  0%| F|  |TAMS 0x00000000e9900000, 0x00000000e9900000| Untracked 
| 154|0x00000000e9a00000, 0x00000000e9a00000, 0x00000000e9b00000|  0%| F|  |TAMS 0x00000000e9a00000, 0x00000000e9a00000| Untracked 
| 155|0x00000000e9b00000, 0x00000000e9b00000, 0x00000000e9c00000|  0%| F|  |TAMS 0x00000000e9b00000, 0x00000000e9b00000| Untracked 
| 156|0x00000000e9c00000, 0x00000000e9c00000, 0x00000000e9d00000|  0%| F|  |TAMS 0x00000000e9c00000, 0x00000000e9c00000| Untracked 
| 157|0x00000000e9d00000, 0x00000000e9d00000, 0x00000000e9e00000|  0%| F|  |TAMS 0x00000000e9d00000, 0x00000000e9d00000| Untracked 
| 158|0x00000000e9e00000, 0x00000000e9e00000, 0x00000000e9f00000|  0%| F|  |TAMS 0x00000000e9e00000, 0x00000000e9e00000| Untracked 
| 159|0x00000000e9f00000, 0x00000000e9f00000, 0x00000000ea000000|  0%| F|  |TAMS 0x00000000e9f00000, 0x00000000e9f00000| Untracked 
| 160|0x00000000ea000000, 0x00000000ea000000, 0x00000000ea100000|  0%| F|  |TAMS 0x00000000ea000000, 0x00000000ea000000| Untracked 
| 161|0x00000000ea100000, 0x00000000ea100000, 0x00000000ea200000|  0%| F|  |TAMS 0x00000000ea100000, 0x00000000ea100000| Untracked 
| 162|0x00000000ea200000, 0x00000000ea200000, 0x00000000ea300000|  0%| F|  |TAMS 0x00000000ea200000, 0x00000000ea200000| Untracked 
| 163|0x00000000ea300000, 0x00000000ea300000, 0x00000000ea400000|  0%| F|  |TAMS 0x00000000ea300000, 0x00000000ea300000| Untracked 
| 164|0x00000000ea400000, 0x00000000ea400000, 0x00000000ea500000|  0%| F|  |TAMS 0x00000000ea400000, 0x00000000ea400000| Untracked 
| 165|0x00000000ea500000, 0x00000000ea500000, 0x00000000ea600000|  0%| F|  |TAMS 0x00000000ea500000, 0x00000000ea500000| Untracked 
| 166|0x00000000ea600000, 0x00000000ea600000, 0x00000000ea700000|  0%| F|  |TAMS 0x00000000ea600000, 0x00000000ea600000| Untracked 
| 167|0x00000000ea700000, 0x00000000ea700000, 0x00000000ea800000|  0%| F|  |TAMS 0x00000000ea700000, 0x00000000ea700000| Untracked 
| 168|0x00000000ea800000, 0x00000000ea800000, 0x00000000ea900000|  0%| F|  |TAMS 0x00000000ea800000, 0x00000000ea800000| Untracked 
| 169|0x00000000ea900000, 0x00000000ea900000, 0x00000000eaa00000|  0%| F|  |TAMS 0x00000000ea900000, 0x00000000ea900000| Untracked 
| 170|0x00000000eaa00000, 0x00000000eaa00000, 0x00000000eab00000|  0%| F|  |TAMS 0x00000000eaa00000, 0x00000000eaa00000| Untracked 
| 171|0x00000000eab00000, 0x00000000eab00000, 0x00000000eac00000|  0%| F|  |TAMS 0x00000000eab00000, 0x00000000eab00000| Untracked 
| 172|0x00000000eac00000, 0x00000000eac00000, 0x00000000ead00000|  0%| F|  |TAMS 0x00000000eac00000, 0x00000000eac00000| Untracked 
| 173|0x00000000ead00000, 0x00000000ead00000, 0x00000000eae00000|  0%| F|  |TAMS 0x00000000ead00000, 0x00000000ead00000| Untracked 
| 174|0x00000000eae00000, 0x00000000eae00000, 0x00000000eaf00000|  0%| F|  |TAMS 0x00000000eae00000, 0x00000000eae00000| Untracked 
| 175|0x00000000eaf00000, 0x00000000eaf00000, 0x00000000eb000000|  0%| F|  |TAMS 0x00000000eaf00000, 0x00000000eaf00000| Untracked 
| 176|0x00000000eb000000, 0x00000000eb000000, 0x00000000eb100000|  0%| F|  |TAMS 0x00000000eb000000, 0x00000000eb000000| Untracked 
| 177|0x00000000eb100000, 0x00000000eb100000, 0x00000000eb200000|  0%| F|  |TAMS 0x00000000eb100000, 0x00000000eb100000| Untracked 
| 178|0x00000000eb200000, 0x00000000eb200000, 0x00000000eb300000|  0%| F|  |TAMS 0x00000000eb200000, 0x00000000eb200000| Untracked 
| 179|0x00000000eb300000, 0x00000000eb300000, 0x00000000eb400000|  0%| F|  |TAMS 0x00000000eb300000, 0x00000000eb300000| Untracked 
| 180|0x00000000eb400000, 0x00000000eb400000, 0x00000000eb500000|  0%| F|  |TAMS 0x00000000eb400000, 0x00000000eb400000| Untracked 
| 181|0x00000000eb500000, 0x00000000eb500000, 0x00000000eb600000|  0%| F|  |TAMS 0x00000000eb500000, 0x00000000eb500000| Untracked 
| 182|0x00000000eb600000, 0x00000000eb600000, 0x00000000eb700000|  0%| F|  |TAMS 0x00000000eb600000, 0x00000000eb600000| Untracked 
| 183|0x00000000eb700000, 0x00000000eb700000, 0x00000000eb800000|  0%| F|  |TAMS 0x00000000eb700000, 0x00000000eb700000| Untracked 
| 184|0x00000000eb800000, 0x00000000eb800000, 0x00000000eb900000|  0%| F|  |TAMS 0x00000000eb800000, 0x00000000eb800000| Untracked 
| 185|0x00000000eb900000, 0x00000000eb900000, 0x00000000eba00000|  0%| F|  |TAMS 0x00000000eb900000, 0x00000000eb900000| Untracked 
| 186|0x00000000eba00000, 0x00000000eba00000, 0x00000000ebb00000|  0%| F|  |TAMS 0x00000000eba00000, 0x00000000eba00000| Untracked 
| 187|0x00000000ebb00000, 0x00000000ebb00000, 0x00000000ebc00000|  0%| F|  |TAMS 0x00000000ebb00000, 0x00000000ebb00000| Untracked 
| 188|0x00000000ebc00000, 0x00000000ebc00000, 0x00000000ebd00000|  0%| F|  |TAMS 0x00000000ebc00000, 0x00000000ebc00000| Untracked 
| 189|0x00000000ebd00000, 0x00000000ebd00000, 0x00000000ebe00000|  0%| F|  |TAMS 0x00000000ebd00000, 0x00000000ebd00000| Untracked 
| 190|0x00000000ebe00000, 0x00000000ebe00000, 0x00000000ebf00000|  0%| F|  |TAMS 0x00000000ebe00000, 0x00000000ebe00000| Untracked 
| 191|0x00000000ebf00000, 0x00000000ebf00000, 0x00000000ec000000|  0%| F|  |TAMS 0x00000000ebf00000, 0x00000000ebf00000| Untracked 
| 192|0x00000000ec000000, 0x00000000ec000000, 0x00000000ec100000|  0%| F|  |TAMS 0x00000000ec000000, 0x00000000ec000000| Untracked 
| 193|0x00000000ec100000, 0x00000000ec100000, 0x00000000ec200000|  0%| F|  |TAMS 0x00000000ec100000, 0x00000000ec100000| Untracked 
| 194|0x00000000ec200000, 0x00000000ec200000, 0x00000000ec300000|  0%| F|  |TAMS 0x00000000ec200000, 0x00000000ec200000| Untracked 
| 195|0x00000000ec300000, 0x00000000ec300000, 0x00000000ec400000|  0%| F|  |TAMS 0x00000000ec300000, 0x00000000ec300000| Untracked 
| 196|0x00000000ec400000, 0x00000000ec400000, 0x00000000ec500000|  0%| F|  |TAMS 0x00000000ec400000, 0x00000000ec400000| Untracked 
| 197|0x00000000ec500000, 0x00000000ec500000, 0x00000000ec600000|  0%| F|  |TAMS 0x00000000ec500000, 0x00000000ec500000| Untracked 
| 198|0x00000000ec600000, 0x00000000ec600000, 0x00000000ec700000|  0%| F|  |TAMS 0x00000000ec600000, 0x00000000ec600000| Untracked 
| 199|0x00000000ec700000, 0x00000000ec700000, 0x00000000ec800000|  0%| F|  |TAMS 0x00000000ec700000, 0x00000000ec700000| Untracked 
| 200|0x00000000ec800000, 0x00000000ec800000, 0x00000000ec900000|  0%| F|  |TAMS 0x00000000ec800000, 0x00000000ec800000| Untracked 
| 201|0x00000000ec900000, 0x00000000ec900000, 0x00000000eca00000|  0%| F|  |TAMS 0x00000000ec900000, 0x00000000ec900000| Untracked 
| 202|0x00000000eca00000, 0x00000000eca00000, 0x00000000ecb00000|  0%| F|  |TAMS 0x00000000eca00000, 0x00000000eca00000| Untracked 
| 203|0x00000000ecb00000, 0x00000000ecb00000, 0x00000000ecc00000|  0%| F|  |TAMS 0x00000000ecb00000, 0x00000000ecb00000| Untracked 
| 204|0x00000000ecc00000, 0x00000000ecc00000, 0x00000000ecd00000|  0%| F|  |TAMS 0x00000000ecc00000, 0x00000000ecc00000| Untracked 
| 205|0x00000000ecd00000, 0x00000000ecdf3288, 0x00000000ece00000| 94%| S|CS|TAMS 0x00000000ecd00000, 0x00000000ecd00000| Complete 
| 206|0x00000000ece00000, 0x00000000ecf00000, 0x00000000ecf00000|100%| S|CS|TAMS 0x00000000ece00000, 0x00000000ece00000| Complete 
| 207|0x00000000ecf00000, 0x00000000ed000000, 0x00000000ed000000|100%| S|CS|TAMS 0x00000000ecf00000, 0x00000000ecf00000| Complete 
| 208|0x00000000ed000000, 0x00000000ed100000, 0x00000000ed100000|100%| S|CS|TAMS 0x00000000ed000000, 0x00000000ed000000| Complete 
| 209|0x00000000ed100000, 0x00000000ed200000, 0x00000000ed200000|100%| S|CS|TAMS 0x00000000ed100000, 0x00000000ed100000| Complete 
| 210|0x00000000ed200000, 0x00000000ed300000, 0x00000000ed300000|100%| S|CS|TAMS 0x00000000ed200000, 0x00000000ed200000| Complete 
| 211|0x00000000ed300000, 0x00000000ed400000, 0x00000000ed400000|100%| S|CS|TAMS 0x00000000ed300000, 0x00000000ed300000| Complete 
| 212|0x00000000ed400000, 0x00000000ed400000, 0x00000000ed500000|  0%| F|  |TAMS 0x00000000ed400000, 0x00000000ed400000| Untracked 
| 213|0x00000000ed500000, 0x00000000ed500000, 0x00000000ed600000|  0%| F|  |TAMS 0x00000000ed500000, 0x00000000ed500000| Untracked 
| 214|0x00000000ed600000, 0x00000000ed600000, 0x00000000ed700000|  0%| F|  |TAMS 0x00000000ed600000, 0x00000000ed600000| Untracked 
| 215|0x00000000ed700000, 0x00000000ed700000, 0x00000000ed800000|  0%| F|  |TAMS 0x00000000ed700000, 0x00000000ed700000| Untracked 
| 216|0x00000000ed800000, 0x00000000ed800000, 0x00000000ed900000|  0%| F|  |TAMS 0x00000000ed800000, 0x00000000ed800000| Untracked 
| 217|0x00000000ed900000, 0x00000000ed900000, 0x00000000eda00000|  0%| F|  |TAMS 0x00000000ed900000, 0x00000000ed900000| Untracked 
| 218|0x00000000eda00000, 0x00000000eda00000, 0x00000000edb00000|  0%| F|  |TAMS 0x00000000eda00000, 0x00000000eda00000| Untracked 
| 219|0x00000000edb00000, 0x00000000edb00000, 0x00000000edc00000|  0%| F|  |TAMS 0x00000000edb00000, 0x00000000edb00000| Untracked 
| 220|0x00000000edc00000, 0x00000000edc00000, 0x00000000edd00000|  0%| F|  |TAMS 0x00000000edc00000, 0x00000000edc00000| Untracked 
| 221|0x00000000edd00000, 0x00000000edd00000, 0x00000000ede00000|  0%| F|  |TAMS 0x00000000edd00000, 0x00000000edd00000| Untracked 
| 222|0x00000000ede00000, 0x00000000ede00000, 0x00000000edf00000|  0%| F|  |TAMS 0x00000000ede00000, 0x00000000ede00000| Untracked 
| 223|0x00000000edf00000, 0x00000000edf00000, 0x00000000ee000000|  0%| F|  |TAMS 0x00000000edf00000, 0x00000000edf00000| Untracked 
| 224|0x00000000ee000000, 0x00000000ee000000, 0x00000000ee100000|  0%| F|  |TAMS 0x00000000ee000000, 0x00000000ee000000| Untracked 
| 225|0x00000000ee100000, 0x00000000ee100000, 0x00000000ee200000|  0%| F|  |TAMS 0x00000000ee100000, 0x00000000ee100000| Untracked 
| 226|0x00000000ee200000, 0x00000000ee200000, 0x00000000ee300000|  0%| F|  |TAMS 0x00000000ee200000, 0x00000000ee200000| Untracked 
| 227|0x00000000ee300000, 0x00000000ee300000, 0x00000000ee400000|  0%| F|  |TAMS 0x00000000ee300000, 0x00000000ee300000| Untracked 
| 228|0x00000000ee400000, 0x00000000ee400000, 0x00000000ee500000|  0%| F|  |TAMS 0x00000000ee400000, 0x00000000ee400000| Untracked 
| 229|0x00000000ee500000, 0x00000000ee500000, 0x00000000ee600000|  0%| F|  |TAMS 0x00000000ee500000, 0x00000000ee500000| Untracked 
| 230|0x00000000ee600000, 0x00000000ee600000, 0x00000000ee700000|  0%| F|  |TAMS 0x00000000ee600000, 0x00000000ee600000| Untracked 
| 231|0x00000000ee700000, 0x00000000ee700000, 0x00000000ee800000|  0%| F|  |TAMS 0x00000000ee700000, 0x00000000ee700000| Untracked 
| 232|0x00000000ee800000, 0x00000000ee800000, 0x00000000ee900000|  0%| F|  |TAMS 0x00000000ee800000, 0x00000000ee800000| Untracked 
| 233|0x00000000ee900000, 0x00000000ee900000, 0x00000000eea00000|  0%| F|  |TAMS 0x00000000ee900000, 0x00000000ee900000| Untracked 
| 234|0x00000000eea00000, 0x00000000eea00000, 0x00000000eeb00000|  0%| F|  |TAMS 0x00000000eea00000, 0x00000000eea00000| Untracked 
| 235|0x00000000eeb00000, 0x00000000eeb00000, 0x00000000eec00000|  0%| F|  |TAMS 0x00000000eeb00000, 0x00000000eeb00000| Untracked 
| 236|0x00000000eec00000, 0x00000000eec00000, 0x00000000eed00000|  0%| F|  |TAMS 0x00000000eec00000, 0x00000000eec00000| Untracked 
| 237|0x00000000eed00000, 0x00000000eed00000, 0x00000000eee00000|  0%| F|  |TAMS 0x00000000eed00000, 0x00000000eed00000| Untracked 
| 238|0x00000000eee00000, 0x00000000eee00000, 0x00000000eef00000|  0%| F|  |TAMS 0x00000000eee00000, 0x00000000eee00000| Untracked 
| 239|0x00000000eef00000, 0x00000000eef00000, 0x00000000ef000000|  0%| F|  |TAMS 0x00000000eef00000, 0x00000000eef00000| Untracked 
| 240|0x00000000ef000000, 0x00000000ef000000, 0x00000000ef100000|  0%| F|  |TAMS 0x00000000ef000000, 0x00000000ef000000| Untracked 
| 241|0x00000000ef100000, 0x00000000ef100000, 0x00000000ef200000|  0%| F|  |TAMS 0x00000000ef100000, 0x00000000ef100000| Untracked 
| 242|0x00000000ef200000, 0x00000000ef200000, 0x00000000ef300000|  0%| F|  |TAMS 0x00000000ef200000, 0x00000000ef200000| Untracked 
| 243|0x00000000ef300000, 0x00000000ef300000, 0x00000000ef400000|  0%| F|  |TAMS 0x00000000ef300000, 0x00000000ef300000| Untracked 
| 244|0x00000000ef400000, 0x00000000ef400000, 0x00000000ef500000|  0%| F|  |TAMS 0x00000000ef400000, 0x00000000ef400000| Untracked 
| 245|0x00000000ef500000, 0x00000000ef500000, 0x00000000ef600000|  0%| F|  |TAMS 0x00000000ef500000, 0x00000000ef500000| Untracked 
| 246|0x00000000ef600000, 0x00000000ef600000, 0x00000000ef700000|  0%| F|  |TAMS 0x00000000ef600000, 0x00000000ef600000| Untracked 
| 247|0x00000000ef700000, 0x00000000ef700000, 0x00000000ef800000|  0%| F|  |TAMS 0x00000000ef700000, 0x00000000ef700000| Untracked 
| 248|0x00000000ef800000, 0x00000000ef800000, 0x00000000ef900000|  0%| F|  |TAMS 0x00000000ef800000, 0x00000000ef800000| Untracked 
| 249|0x00000000ef900000, 0x00000000ef900000, 0x00000000efa00000|  0%| F|  |TAMS 0x00000000ef900000, 0x00000000ef900000| Untracked 
| 250|0x00000000efa00000, 0x00000000efa00000, 0x00000000efb00000|  0%| F|  |TAMS 0x00000000efa00000, 0x00000000efa00000| Untracked 
| 251|0x00000000efb00000, 0x00000000efb00000, 0x00000000efc00000|  0%| F|  |TAMS 0x00000000efb00000, 0x00000000efb00000| Untracked 
| 252|0x00000000efc00000, 0x00000000efc80800, 0x00000000efd00000| 50%| E|  |TAMS 0x00000000efc00000, 0x00000000efc00000| Complete 
| 253|0x00000000efd00000, 0x00000000efe00000, 0x00000000efe00000|100%| E|CS|TAMS 0x00000000efd00000, 0x00000000efd00000| Complete 
| 254|0x00000000efe00000, 0x00000000eff00000, 0x00000000eff00000|100%| E|CS|TAMS 0x00000000efe00000, 0x00000000efe00000| Complete 
| 255|0x00000000eff00000, 0x00000000f0000000, 0x00000000f0000000|100%| E|CS|TAMS 0x00000000eff00000, 0x00000000eff00000| Complete 

Card table byte_map: [0x000001bf50890000,0x000001bf50990000] _byte_map_base: 0x000001bf50190000

Marking Bits (Prev, Next): (CMBitMap*) 0x000001bf38af2990, (CMBitMap*) 0x000001bf38af2958
 Prev Bits: [0x000001bf51290000, 0x000001bf51a90000)
 Next Bits: [0x000001bf50a90000, 0x000001bf51290000)

Polling page: 0x000001bf36a30000

Metaspace:

Usage:
  Non-class:     51.19 MB capacity,    50.30 MB ( 98%) used,   797.08 KB (  2%) free+waste,   114.31 KB ( <1%) overhead. 
      Class:      7.74 MB capacity,     7.34 MB ( 95%) used,   361.23 KB (  5%) free+waste,    51.81 KB ( <1%) overhead. 
       Both:     58.93 MB capacity,    57.64 MB ( 98%) used,     1.13 MB (  2%) free+waste,   166.13 KB ( <1%) overhead. 

Virtual space:
  Non-class space:       52.00 MB reserved,      51.25 MB ( 99%) committed 
      Class space:      248.00 MB reserved,       7.75 MB (  3%) committed 
             Both:      300.00 MB reserved,      59.00 MB ( 20%) committed 

Chunk freelists:
   Non-Class:  62.00 KB
       Class:  10.00 KB
        Both:  72.00 KB

MaxMetaspaceSize: 256.00 MB
CompressedClassSpaceSize: 248.00 MB
Initial GC threshold: 20.80 MB
Current GC threshold: 98.34 MB
CDS: off

CodeHeap 'non-profiled nmethods': size=120000Kb used=3529Kb max_used=3529Kb free=116470Kb
 bounds [0x000001bf48d10000, 0x000001bf49090000, 0x000001bf50240000]
CodeHeap 'profiled nmethods': size=120000Kb used=13525Kb max_used=13525Kb free=106474Kb
 bounds [0x000001bf417e0000, 0x000001bf42520000, 0x000001bf48d10000]
CodeHeap 'non-nmethods': size=5760Kb used=2308Kb max_used=2355Kb free=3451Kb
 bounds [0x000001bf41240000, 0x000001bf414b0000, 0x000001bf417e0000]
 total_blobs=7068 nmethods=6256 adapters=724
 compilation: enabled
              stopped_count=0, restarted_count=0
 full_count=0

Compilation events (20 events):
Event: 55.297 Thread 0x000001bf54f97000 nmethod 6240 0x000001bf4907df10 code [0x000001bf4907e0c0, 0x000001bf4907e178]
Event: 55.298 Thread 0x000001bf54f97000 6241       1       org.codehaus.groovy.ast.ASTNode::setColumnNumber (6 bytes)
Event: 55.298 Thread 0x000001bf54f97000 nmethod 6241 0x000001bf4907e210 code [0x000001bf4907e3c0, 0x000001bf4907e478]
Event: 55.298 Thread 0x000001bf54f97000 6242       1       org.codehaus.groovy.ast.ASTNode::setLineNumber (6 bytes)
Event: 55.298 Thread 0x000001bf54f97000 nmethod 6242 0x000001bf4907e510 code [0x000001bf4907e6c0, 0x000001bf4907e778]
Event: 55.298 Thread 0x000001bf54f97000 6243       1       org.codehaus.groovy.ast.ASTNode::setLastColumnNumber (6 bytes)
Event: 55.298 Thread 0x000001bf54f97000 nmethod 6243 0x000001bf4907e810 code [0x000001bf4907e9c0, 0x000001bf4907ea78]
Event: 55.298 Thread 0x000001bf54f97000 6244       1       org.codehaus.groovy.ast.ASTNode::setLastLineNumber (6 bytes)
Event: 55.298 Thread 0x000001bf54f97000 nmethod 6244 0x000001bf4907eb10 code [0x000001bf4907ecc0, 0x000001bf4907ed78]
Event: 55.298 Thread 0x000001bf54f97000 6245       3       org.codehaus.groovy.antlr.AntlrParserPlugin::configureAST (95 bytes)
Event: 55.299 Thread 0x000001bf57b9c800 nmethod 6211 0x000001bf4907ee10 code [0x000001bf4907f020, 0x000001bf4907f6c0]
Event: 55.299 Thread 0x000001bf57b9c800 6215   !   4       groovyjarjarantlr.CharBuffer::fill (52 bytes)
Event: 55.300 Thread 0x000001bf54f97000 nmethod 6245 0x000001bf42506010 code [0x000001bf42506340, 0x000001bf42507598]
Event: 55.304 Thread 0x000001bf54f97000 6246       3       org.codehaus.groovy.ast.AnnotatedNode::<init> (12 bytes)
Event: 55.305 Thread 0x000001bf54f97000 nmethod 6246 0x000001bf42507b10 code [0x000001bf42507ce0, 0x000001bf42507fb8]
Event: 55.306 Thread 0x000001bf54f97000 6247       3       org.codehaus.groovy.ast.ClassNode::redirect (17 bytes)
Event: 55.306 Thread 0x000001bf54f97000 nmethod 6247 0x000001bf42508110 code [0x000001bf425082e0, 0x000001bf42508608]
Event: 55.310 Thread 0x000001bf57b9c800 nmethod 6215 0x000001bf4907fe10 code [0x000001bf49080020, 0x000001bf49080580]
Event: 55.310 Thread 0x000001bf57b9c800 6216       4       groovyjarjarantlr.InputBuffer::syncConsume (48 bytes)
Event: 55.312 Thread 0x000001bf57b9c800 nmethod 6216 0x000001bf49080a90 code [0x000001bf49080c20, 0x000001bf49080cf8]

GC Heap History (14 events):
Event: 0.719 GC heap before
{Heap before GC invocations=0 (full 0):
 garbage-first heap   total 262144K, used 28672K [0x00000000e0000000, 0x0000000100000000)
  region size 1024K, 24 young (24576K), 0 survivors (0K)
 Metaspace       used 10382K, capacity 10584K, committed 10624K, reserved 264192K
  class space    used 1065K, capacity 1125K, committed 1152K, reserved 253952K
}
Event: 0.723 GC heap after
{Heap after GC invocations=1 (full 0):
 garbage-first heap   total 262144K, used 7853K [0x00000000e0000000, 0x0000000100000000)
  region size 1024K, 3 young (3072K), 3 survivors (3072K)
 Metaspace       used 10382K, capacity 10584K, committed 10624K, reserved 264192K
  class space    used 1065K, capacity 1125K, committed 1152K, reserved 253952K
}
Event: 2.556 GC heap before
{Heap before GC invocations=1 (full 0):
 garbage-first heap   total 262144K, used 78509K [0x00000000e0000000, 0x0000000100000000)
  region size 1024K, 74 young (75776K), 3 survivors (3072K)
 Metaspace       used 20730K, capacity 21104K, committed 21248K, reserved 272384K
  class space    used 2572K, capacity 2709K, committed 2816K, reserved 253952K
}
Event: 2.564 GC heap after
{Heap after GC invocations=2 (full 0):
 garbage-first heap   total 262144K, used 15068K [0x00000000e0000000, 0x0000000100000000)
  region size 1024K, 11 young (11264K), 11 survivors (11264K)
 Metaspace       used 20730K, capacity 21104K, committed 21248K, reserved 272384K
  class space    used 2572K, capacity 2709K, committed 2816K, reserved 253952K
}
Event: 3.499 GC heap before
{Heap before GC invocations=3 (full 0):
 garbage-first heap   total 262144K, used 74460K [0x00000000e0000000, 0x0000000100000000)
  region size 1024K, 67 young (68608K), 11 survivors (11264K)
 Metaspace       used 31502K, capacity 32021K, committed 32256K, reserved 282624K
  class space    used 3846K, capacity 4066K, committed 4096K, reserved 253952K
}
Event: 3.511 GC heap after
{Heap after GC invocations=4 (full 0):
 garbage-first heap   total 262144K, used 19761K [0x00000000e0000000, 0x0000000100000000)
  region size 1024K, 5 young (5120K), 5 survivors (5120K)
 Metaspace       used 31502K, capacity 32021K, committed 32256K, reserved 282624K
  class space    used 3846K, capacity 4066K, committed 4096K, reserved 253952K
}
Event: 3.957 GC heap before
{Heap before GC invocations=4 (full 0):
 garbage-first heap   total 262144K, used 48433K [0x00000000e0000000, 0x0000000100000000)
  region size 1024K, 35 young (35840K), 5 survivors (5120K)
 Metaspace       used 35036K, capacity 35724K, committed 35840K, reserved 286720K
  class space    used 4273K, capacity 4463K, committed 4480K, reserved 253952K
}
Event: 3.965 GC heap after
{Heap after GC invocations=5 (full 0):
 garbage-first heap   total 262144K, used 21484K [0x00000000e0000000, 0x0000000100000000)
  region size 1024K, 7 young (7168K), 7 survivors (7168K)
 Metaspace       used 35036K, capacity 35724K, committed 35840K, reserved 286720K
  class space    used 4273K, capacity 4463K, committed 4480K, reserved 253952K
}
Event: 5.301 GC heap before
{Heap before GC invocations=6 (full 0):
 garbage-first heap   total 262144K, used 115692K [0x00000000e0000000, 0x0000000100000000)
  region size 1024K, 99 young (101376K), 7 survivors (7168K)
 Metaspace       used 42354K, capacity 43168K, committed 43392K, reserved 292864K
  class space    used 5458K, capacity 5701K, committed 5760K, reserved 253952K
}
Event: 5.309 GC heap after
{Heap after GC invocations=7 (full 0):
 garbage-first heap   total 262144K, used 25513K [0x00000000e0000000, 0x0000000100000000)
  region size 1024K, 11 young (11264K), 11 survivors (11264K)
 Metaspace       used 42354K, capacity 43168K, committed 43392K, reserved 292864K
  class space    used 5458K, capacity 5701K, committed 5760K, reserved 253952K
}
Event: 28.192 GC heap before
{Heap before GC invocations=7 (full 0):
 garbage-first heap   total 262144K, used 169897K [0x00000000e0000000, 0x0000000100000000)
  region size 1024K, 152 young (155648K), 11 survivors (11264K)
 Metaspace       used 56203K, capacity 57500K, committed 57600K, reserved 305152K
  class space    used 7235K, capacity 7612K, committed 7680K, reserved 253952K
}
Event: 28.208 GC heap after
{Heap after GC invocations=8 (full 0):
 garbage-first heap   total 262144K, used 38931K [0x00000000e0000000, 0x0000000100000000)
  region size 1024K, 19 young (19456K), 19 survivors (19456K)
 Metaspace       used 56203K, capacity 57500K, committed 57600K, reserved 305152K
  class space    used 7235K, capacity 7612K, committed 7680K, reserved 253952K
}
Event: 55.212 GC heap before
{Heap before GC invocations=8 (full 0):
 garbage-first heap   total 262144K, used 82963K [0x00000000e0000000, 0x0000000100000000)
  region size 1024K, 63 young (64512K), 19 survivors (19456K)
 Metaspace       used 58554K, capacity 59890K, committed 59904K, reserved 307200K
  class space    used 7483K, capacity 7925K, committed 7936K, reserved 253952K
}
Event: 55.228 GC heap after
{Heap after GC invocations=9 (full 0):
 garbage-first heap   total 262144K, used 44943K [0x00000000e0000000, 0x0000000100000000)
  region size 1024K, 7 young (7168K), 7 survivors (7168K)
 Metaspace       used 58554K, capacity 59890K, committed 59904K, reserved 307200K
  class space    used 7483K, capacity 7925K, committed 7936K, reserved 253952K
}

Deoptimization events (20 events):
Event: 55.208 Thread 0x000001bf568b6000 DEOPT PACKING pc=0x000001bf48f2ff10 sp=0x0000008c050f9aa0
Event: 55.208 Thread 0x000001bf568b6000 DEOPT UNPACKING pc=0x000001bf4128a1af sp=0x0000008c050f9a68 mode 2
Event: 55.208 Thread 0x000001bf568b6000 Uncommon trap: trap_request=0xffffffde fr.pc=0x000001bf48f2ff10 relative=0x00000000000008b0
Event: 55.208 Thread 0x000001bf568b6000 Uncommon trap: reason=class_check action=maybe_recompile pc=0x000001bf48f2ff10 method=java.util.Hashtable.put(Ljava/lang/Object;Ljava/lang/Object;)Ljava/lang/Object; @ 18 c2
Event: 55.208 Thread 0x000001bf568b6000 DEOPT PACKING pc=0x000001bf48f2ff10 sp=0x0000008c050f9aa0
Event: 55.208 Thread 0x000001bf568b6000 DEOPT UNPACKING pc=0x000001bf4128a1af sp=0x0000008c050f9a68 mode 2
Event: 55.208 Thread 0x000001bf568b6000 Uncommon trap: trap_request=0xffffffde fr.pc=0x000001bf48f2ff10 relative=0x00000000000008b0
Event: 55.208 Thread 0x000001bf568b6000 Uncommon trap: reason=class_check action=maybe_recompile pc=0x000001bf48f2ff10 method=java.util.Hashtable.put(Ljava/lang/Object;Ljava/lang/Object;)Ljava/lang/Object; @ 18 c2
Event: 55.208 Thread 0x000001bf568b6000 DEOPT PACKING pc=0x000001bf48f2ff10 sp=0x0000008c050f9aa0
Event: 55.208 Thread 0x000001bf568b6000 DEOPT UNPACKING pc=0x000001bf4128a1af sp=0x0000008c050f9a68 mode 2
Event: 55.208 Thread 0x000001bf568b6000 Uncommon trap: trap_request=0xffffffde fr.pc=0x000001bf48f2ff10 relative=0x00000000000008b0
Event: 55.208 Thread 0x000001bf568b6000 Uncommon trap: reason=class_check action=maybe_recompile pc=0x000001bf48f2ff10 method=java.util.Hashtable.put(Ljava/lang/Object;Ljava/lang/Object;)Ljava/lang/Object; @ 18 c2
Event: 55.208 Thread 0x000001bf568b6000 DEOPT PACKING pc=0x000001bf48f2ff10 sp=0x0000008c050f9aa0
Event: 55.208 Thread 0x000001bf568b6000 DEOPT UNPACKING pc=0x000001bf4128a1af sp=0x0000008c050f9a68 mode 2
Event: 55.208 Thread 0x000001bf568b6000 Uncommon trap: trap_request=0xffffff4d fr.pc=0x000001bf48f2b400 relative=0x0000000000000440
Event: 55.208 Thread 0x000001bf568b6000 Uncommon trap: reason=unstable_if action=reinterpret pc=0x000001bf48f2b400 method=java.util.Hashtable.addEntry(ILjava/lang/Object;Ljava/lang/Object;I)V @ 14 c2
Event: 55.208 Thread 0x000001bf568b6000 DEOPT PACKING pc=0x000001bf48f2b400 sp=0x0000008c050f99f0
Event: 55.208 Thread 0x000001bf568b6000 DEOPT UNPACKING pc=0x000001bf4128a1af sp=0x0000008c050f99c8 mode 2
Event: 55.299 Thread 0x000001bf568b6000 DEOPT PACKING pc=0x000001bf41ded8c2 sp=0x0000008c050f9670
Event: 55.299 Thread 0x000001bf568b6000 DEOPT UNPACKING pc=0x000001bf4128a95e sp=0x0000008c050f8b68 mode 0

Classes redefined (0 events):
No events

Internal exceptions (20 events):
Event: 28.021 Thread 0x000001bf5c333000 Exception <a 'sun/nio/fs/WindowsException'{0x00000000e74da1b0}> (0x00000000e74da1b0) thrown at [./src/hotspot/share/prims/jni.cpp, line 617]
Event: 28.039 Thread 0x000001bf5c333000 Exception <a 'java/lang/NoSuchMethodError'{0x00000000e73b46c8}: 'int java.lang.invoke.DirectMethodHandle$Holder.invokeSpecial(java.lang.Object, java.lang.Object, java.lang.Object, java.lang.Object)'> (0x00000000e73b46c8) thrown at [./src/hotspot/share/interpreter/linkResolver.cpp, line 773]
Event: 28.059 Thread 0x000001bf5c333000 Exception <a 'java/lang/NoSuchMethodError'{0x00000000e72d0d58}: 'void java.lang.invoke.DirectMethodHandle$Holder.invokeSpecial(java.lang.Object, java.lang.Object, java.lang.Object, java.lang.Object, java.lang.Object, java.lang.Object)'> (0x00000000e72d0d58) thrown at [./src/hotspot/share/interpreter/linkResolver.cpp, line 773]
Event: 28.118 Thread 0x000001bf5c333000 Implicit null exception at 0x000001bf490101ac to 0x000001bf490102da
Event: 28.138 Thread 0x000001bf5c333000 Exception <a 'sun/nio/fs/WindowsException'{0x00000000e6fc5c08}> (0x00000000e6fc5c08) thrown at [./src/hotspot/share/prims/jni.cpp, line 617]
Event: 28.145 Thread 0x000001bf5c333000 Exception <a 'java/lang/NoSuchMethodError'{0x00000000e6fee9b0}: 'int java.lang.invoke.DirectMethodHandle$Holder.invokeSpecial(java.lang.Object, java.lang.Object, java.lang.Object, java.lang.Object, java.lang.Object)'> (0x00000000e6fee9b0) thrown at [./src/hotspot/share/interpreter/linkResolver.cpp, line 773]
Event: 28.165 Thread 0x000001bf5c333000 Exception <a 'sun/nio/fs/WindowsException'{0x00000000e6b09900}> (0x00000000e6b09900) thrown at [./src/hotspot/share/prims/jni.cpp, line 617]
Event: 28.167 Thread 0x000001bf5c333000 Exception <a 'sun/nio/fs/WindowsException'{0x00000000e6b12a68}> (0x00000000e6b12a68) thrown at [./src/hotspot/share/prims/jni.cpp, line 617]
Event: 28.169 Thread 0x000001bf5c333000 Exception <a 'sun/nio/fs/WindowsException'{0x00000000e6b16c58}> (0x00000000e6b16c58) thrown at [./src/hotspot/share/prims/jni.cpp, line 617]
Event: 28.173 Thread 0x000001bf5c333000 Exception <a 'sun/nio/fs/WindowsException'{0x00000000e6b22cb0}> (0x00000000e6b22cb0) thrown at [./src/hotspot/share/prims/jni.cpp, line 617]
Event: 28.173 Thread 0x000001bf5c333000 Exception <a 'sun/nio/fs/WindowsException'{0x00000000e6b23070}> (0x00000000e6b23070) thrown at [./src/hotspot/share/prims/jni.cpp, line 617]
Event: 28.209 Thread 0x000001bf5c333000 Implicit null exception at 0x000001bf4901b7a7 to 0x000001bf4901be44
Event: 28.221 Thread 0x000001bf5c333000 Exception <a 'sun/nio/fs/WindowsException'{0x00000000efe934a8}> (0x00000000efe934a8) thrown at [./src/hotspot/share/prims/jni.cpp, line 617]
Event: 28.221 Thread 0x000001bf5c333000 Exception <a 'sun/nio/fs/WindowsException'{0x00000000efe93860}> (0x00000000efe93860) thrown at [./src/hotspot/share/prims/jni.cpp, line 617]
Event: 28.386 Thread 0x000001bf5c333000 Exception <a 'java/lang/NoSuchMethodError'{0x00000000eeba2a20}: 'void java.lang.invoke.DirectMethodHandle$Holder.invokeVirtual(java.lang.Object, java.lang.Object)'> (0x00000000eeba2a20) thrown at [./src/hotspot/share/interpreter/linkResolver.cpp, line 773]
Event: 28.479 Thread 0x000001bf5c333000 Exception <a 'sun/nio/fs/WindowsException'{0x00000000ee4c7dc0}> (0x00000000ee4c7dc0) thrown at [./src/hotspot/share/prims/jni.cpp, line 617]
Event: 28.493 Thread 0x000001bf5c333000 Exception <a 'sun/nio/fs/WindowsException'{0x00000000ee358bf0}> (0x00000000ee358bf0) thrown at [./src/hotspot/share/prims/jni.cpp, line 617]
Event: 28.539 Thread 0x000001bf5c334800 Exception <a 'java/lang/NoSuchMethodError'{0x00000000eff0a1a0}: <clinit>> (0x00000000eff0a1a0) thrown at [./src/hotspot/share/prims/jni.cpp, line 1367]
Event: 28.545 Thread 0x000001bf5c334800 Exception <a 'java/lang/NoSuchMethodError'{0x00000000eff28530}: <clinit>> (0x00000000eff28530) thrown at [./src/hotspot/share/prims/jni.cpp, line 1367]
Event: 28.745 Thread 0x000001bf5c333000 Exception <a 'java/lang/reflect/InvocationTargetException'{0x00000000edf75068}> (0x00000000edf75068) thrown at [./src/hotspot/share/runtime/reflection.cpp, line 1247]

Events (20 events):
Event: 55.299 loading class org/codehaus/groovy/transform/BaseScriptASTTransformation
Event: 55.299 loading class org/codehaus/groovy/transform/BaseScriptASTTransformation done
Event: 55.300 loading class org/codehaus/groovy/transform/AbstractASTTransformation
Event: 55.300 loading class org/codehaus/groovy/transform/AbstractASTTransformation done
Event: 55.301 loading class org/codehaus/groovy/transform/ASTTransformation
Event: 55.301 loading class org/codehaus/groovy/transform/ASTTransformation done
Event: 55.303 loading class groovy/transform/BaseScript
Event: 55.303 loading class groovy/transform/BaseScript done
Event: 55.303 loading class org/codehaus/groovy/control/SourceUnit$1
Event: 55.303 loading class org/codehaus/groovy/control/SourceUnit$1 done
Event: 55.304 loading class org/codehaus/groovy/util/ListHashMap
Event: 55.304 loading class org/codehaus/groovy/util/ListHashMap done
Event: 55.306 loading class org/codehaus/groovy/classgen/EnumVisitor
Event: 55.306 loading class org/codehaus/groovy/classgen/EnumVisitor done
Event: 55.308 loading class org/gradle/groovy/scripts/internal/AstUtils
Event: 55.308 loading class org/gradle/groovy/scripts/internal/AstUtils done
Event: 55.310 loading class org/gradle/groovy/scripts/internal/AstUtils$1
Event: 55.310 loading class org/gradle/groovy/scripts/internal/AstUtils$1 done
Event: 55.310 loading class org/gradle/groovy/scripts/internal/ScriptBlock
Event: 55.310 loading class org/gradle/groovy/scripts/internal/ScriptBlock done


Dynamic libraries:
0x00007ff678720000 - 0x00007ff67872d000 	C:\Program Files\Microsoft\jdk-11.0.18.10-hotspot\bin\java.exe
0x00007ff8dc750000 - 0x00007ff8dc964000 	C:\WINDOWS\SYSTEM32\ntdll.dll
0x00007ff8db830000 - 0x00007ff8db8f3000 	C:\WINDOWS\System32\KERNEL32.DLL
0x00007ff8da140000 - 0x00007ff8da4dc000 	C:\WINDOWS\System32\KERNELBASE.dll
0x00007ff8d9f80000 - 0x00007ff8da091000 	C:\WINDOWS\System32\ucrtbase.dll
0x00007ff8d4a10000 - 0x00007ff8d4a25000 	C:\Program Files\Microsoft\jdk-11.0.18.10-hotspot\bin\VCRUNTIME140.dll
0x00007ff8d4fb0000 - 0x00007ff8d4fc7000 	C:\Program Files\Microsoft\jdk-11.0.18.10-hotspot\bin\jli.dll
0x00007ff8dc560000 - 0x00007ff8dc70d000 	C:\WINDOWS\System32\USER32.dll
0x00007ff8cac30000 - 0x00007ff8caebe000 	C:\WINDOWS\WinSxS\amd64_microsoft.windows.common-controls_6595b64144ccf1df_6.0.22621.608_none_a9444ca7c10bb01d\COMCTL32.dll
0x00007ff8d9d20000 - 0x00007ff8d9d46000 	C:\WINDOWS\System32\win32u.dll
0x00007ff8db400000 - 0x00007ff8db4a7000 	C:\WINDOWS\System32\msvcrt.dll
0x00007ff8daf60000 - 0x00007ff8daf89000 	C:\WINDOWS\System32\GDI32.dll
0x00007ff8d9b90000 - 0x00007ff8d9ca2000 	C:\WINDOWS\System32\gdi32full.dll
0x00007ff8da0a0000 - 0x00007ff8da13a000 	C:\WINDOWS\System32\msvcp_win.dll
0x00007ff8db530000 - 0x00007ff8db562000 	C:\WINDOWS\System32\IMM32.DLL
0x00007ff8a3880000 - 0x00007ff8a391b000 	C:\Program Files\Microsoft\jdk-11.0.18.10-hotspot\bin\msvcp140.dll
0x00007ff87b110000 - 0x00007ff87bca2000 	C:\Program Files\Microsoft\jdk-11.0.18.10-hotspot\bin\server\jvm.dll
0x00007ff8db250000 - 0x00007ff8db2fe000 	C:\WINDOWS\System32\ADVAPI32.dll
0x00007ff8db900000 - 0x00007ff8db9a4000 	C:\WINDOWS\System32\sechost.dll
0x00007ff8db710000 - 0x00007ff8db825000 	C:\WINDOWS\System32\RPCRT4.dll
0x00007ff8db9b0000 - 0x00007ff8db9b8000 	C:\WINDOWS\System32\PSAPI.DLL
0x00007ff8d4dd0000 - 0x00007ff8d4dd9000 	C:\WINDOWS\SYSTEM32\WSOCK32.dll
0x00007ff8d3d30000 - 0x00007ff8d3d64000 	C:\WINDOWS\SYSTEM32\WINMM.dll
0x00007ff8d2b00000 - 0x00007ff8d2b0a000 	C:\WINDOWS\SYSTEM32\VERSION.dll
0x00007ff8dbe30000 - 0x00007ff8dbea1000 	C:\WINDOWS\System32\WS2_32.dll
0x00007ff8d8b50000 - 0x00007ff8d8b68000 	C:\WINDOWS\SYSTEM32\kernel.appcore.dll
0x00007ff8d4dc0000 - 0x00007ff8d4dd0000 	C:\Program Files\Microsoft\jdk-11.0.18.10-hotspot\bin\verify.dll
0x00007ff8d75c0000 - 0x00007ff8d77ee000 	C:\WINDOWS\SYSTEM32\DBGHELP.DLL
0x00007ff8db9c0000 - 0x00007ff8dbd4a000 	C:\WINDOWS\System32\combase.dll
0x00007ff8db300000 - 0x00007ff8db3d7000 	C:\WINDOWS\System32\OLEAUT32.dll
0x00007ff8d2380000 - 0x00007ff8d23b2000 	C:\WINDOWS\SYSTEM32\dbgcore.DLL
0x00007ff8da4e0000 - 0x00007ff8da55b000 	C:\WINDOWS\System32\bcryptPrimitives.dll
0x00007ff8cf660000 - 0x00007ff8cf688000 	C:\Program Files\Microsoft\jdk-11.0.18.10-hotspot\bin\java.dll
0x00007ff8d49e0000 - 0x00007ff8d49ea000 	C:\Program Files\Microsoft\jdk-11.0.18.10-hotspot\bin\jimage.dll
0x00007ff8cf4e0000 - 0x00007ff8cf4f8000 	C:\Program Files\Microsoft\jdk-11.0.18.10-hotspot\bin\zip.dll
0x00007ff8da670000 - 0x00007ff8dae5f000 	C:\WINDOWS\System32\SHELL32.dll
0x00007ff8d7b60000 - 0x00007ff8d8428000 	C:\WINDOWS\SYSTEM32\windows.storage.dll
0x00007ff8d7a20000 - 0x00007ff8d7b5e000 	C:\WINDOWS\SYSTEM32\wintypes.dll
0x00007ff8da570000 - 0x00007ff8da661000 	C:\WINDOWS\System32\SHCORE.dll
0x00007ff8dbdd0000 - 0x00007ff8dbe2e000 	C:\WINDOWS\System32\shlwapi.dll
0x00007ff8d9ac0000 - 0x00007ff8d9ae1000 	C:\WINDOWS\SYSTEM32\profapi.dll
0x00007ff8c09b0000 - 0x00007ff8c09c9000 	C:\Program Files\Microsoft\jdk-11.0.18.10-hotspot\bin\net.dll
0x00007ff8d4100000 - 0x00007ff8d422f000 	C:\WINDOWS\SYSTEM32\WINHTTP.dll
0x00007ff8d9080000 - 0x00007ff8d90e9000 	C:\WINDOWS\system32\mswsock.dll
0x00007ff8c0990000 - 0x00007ff8c09a3000 	C:\Program Files\Microsoft\jdk-11.0.18.10-hotspot\bin\nio.dll
0x00007ff8c1330000 - 0x00007ff8c1356000 	C:\Users\User\.gradle\native\29\windows-amd64\native-platform.dll
0x00007ff8d4960000 - 0x00007ff8d4969000 	C:\Program Files\Microsoft\jdk-11.0.18.10-hotspot\bin\management.dll
0x00007ff8d3d70000 - 0x00007ff8d3d7b000 	C:\Program Files\Microsoft\jdk-11.0.18.10-hotspot\bin\management_ext.dll
0x00007ff8d92b0000 - 0x00007ff8d92cb000 	C:\WINDOWS\SYSTEM32\CRYPTSP.dll
0x00007ff8d8b10000 - 0x00007ff8d8b45000 	C:\WINDOWS\system32\rsaenh.dll
0x00007ff8d9140000 - 0x00007ff8d9168000 	C:\WINDOWS\SYSTEM32\USERENV.dll
0x00007ff8d9530000 - 0x00007ff8d9558000 	C:\WINDOWS\SYSTEM32\bcrypt.dll
0x00007ff8d9300000 - 0x00007ff8d930c000 	C:\WINDOWS\SYSTEM32\CRYPTBASE.dll
0x00007ff8d86c0000 - 0x00007ff8d86ed000 	C:\WINDOWS\SYSTEM32\IPHLPAPI.DLL
0x00007ff8da560000 - 0x00007ff8da569000 	C:\WINDOWS\System32\NSI.dll
0x00007ff8d40e0000 - 0x00007ff8d40f9000 	C:\WINDOWS\SYSTEM32\dhcpcsvc6.DLL
0x00007ff8d40c0000 - 0x00007ff8d40df000 	C:\WINDOWS\SYSTEM32\dhcpcsvc.DLL
0x00007ff8d8740000 - 0x00007ff8d8833000 	C:\WINDOWS\SYSTEM32\DNSAPI.dll

dbghelp: loaded successfully - version: 4.0.5 - missing functions: none
symbol engine: initialized successfully - sym options: 0x614 - pdb path: .;C:\Program Files\Microsoft\jdk-11.0.18.10-hotspot\bin;C:\WINDOWS\SYSTEM32;C:\WINDOWS\WinSxS\amd64_microsoft.windows.common-controls_6595b64144ccf1df_6.0.22621.608_none_a9444ca7c10bb01d;C:\Program Files\Microsoft\jdk-11.0.18.10-hotspot\bin\server;C:\Users\User\.gradle\native\29\windows-amd64

VM Arguments:
jvm_args: --add-opens=java.base/java.util=ALL-UNNAMED --add-opens=java.base/java.lang=ALL-UNNAMED --add-opens=java.base/java.lang.invoke=ALL-UNNAMED --add-opens=java.prefs/java.util.prefs=ALL-UNNAMED -XX:MaxMetaspaceSize=256m -XX:+HeapDumpOnOutOfMemoryError -Xms256m -Xmx512m -Dfile.encoding=x-windows-874 -Duser.country=US -Duser.language=en -Duser.variant 
java_command: org.gradle.launcher.daemon.bootstrap.GradleDaemon 5.3
java_class_path (initial): C:\Users\User\.gradle\wrapper\dists\gradle-5.3-bin\9tevgwefmd5lgaxkzkt5jgvch\gradle-5.3\lib\gradle-launcher-5.3.jar
Launcher Type: SUN_STANDARD

[Global flags]
     intx CICompilerCount                          = 4                                         {product} {ergonomic}
   size_t CompressedClassSpaceSize                 = 260046848                                 {product} {ergonomic}
     uint ConcGCThreads                            = 3                                         {product} {ergonomic}
     uint G1ConcRefinementThreads                  = 10                                        {product} {ergonomic}
   size_t G1HeapRegionSize                         = 1048576                                   {product} {ergonomic}
    uintx GCDrainStackTargetSize                   = 64                                        {product} {ergonomic}
     bool HeapDumpOnOutOfMemoryError               = true                                   {manageable} {command line}
   size_t InitialHeapSize                          = 268435456                                 {product} {command line}
   size_t MarkStackSize                            = 4194304                                   {product} {ergonomic}
   size_t MaxHeapSize                              = 536870912                                 {product} {command line}
   size_t MaxMetaspaceSize                         = 268435456                                 {product} {command line}
   size_t MaxNewSize                               = 321912832                                 {product} {ergonomic}
   size_t MinHeapDeltaBytes                        = 1048576                                   {product} {ergonomic}
    uintx NonNMethodCodeHeapSize                   = 5836300                                {pd product} {ergonomic}
    uintx NonProfiledCodeHeapSize                  = 122910970                              {pd product} {ergonomic}
    uintx ProfiledCodeHeapSize                     = 122910970                              {pd product} {ergonomic}
    uintx ReservedCodeCacheSize                    = 251658240                              {pd product} {ergonomic}
     bool SegmentedCodeCache                       = true                                      {product} {ergonomic}
     bool UseCompressedClassPointers               = true                                 {lp64_product} {ergonomic}
     bool UseCompressedOops                        = true                                 {lp64_product} {ergonomic}
     bool UseG1GC                                  = true                                      {product} {ergonomic}
     bool UseLargePagesIndividualAllocation        = false                                  {pd product} {ergonomic}

Logging:
Log output configuration:
 #0: stdout all=warning uptime,level,tags
 #1: stderr all=off uptime,level,tags

Environment Variables:
JAVA_HOME=C:\Program Files\Microsoft\jdk-11.0.18.10-hotspot\
PATH=C:\Program Files\Microsoft\jdk-11.0.18.10-hotspot\bin;C:\Program Files\Common Files\Oracle\Java\javapath;C:\Program Files (x86)\VMware\VMware Workstation\bin\;%PYTHON_HOME%;C:\app\client\User\product\12.1.0\client_1\bin;c:\oracle\ora81\bin;C:\Program Files (x86)\Oracle\jre\1.1.7\bin;C:\Program Files (x86)\Common Files\Intel\Shared Libraries\redist\intel64\compiler;C:\Program Files\Java\jdk-14.0.2\bin;C:\Windows\system32;C:\Windows;C:\Windows\System32\Wbem;C:\Windows\System32\WindowsPowerShell\v1.0\;C:\Windows\System32\OpenSSH\;C:\WINDOWS\system32;C:\WINDOWS;C:\WINDOWS\System32\Wbem;C:\WINDOWS\System32\WindowsPowerShell\v1.0\;C:\WINDOWS\System32\OpenSSH\;C:\Program Files (x86)\QuickTime\QTSystem\;C:\Program Files\NVIDIA Corporation\NVIDIA NvDLISR;C:\Program Files\Git\cmd;C:\Program Files\Google\Chrome\Application;C:\Users\User\Downloads\Drivers;C:\Program Files (x86)\NVIDIA Corporation\PhysX\Common;C:\WINDOWS\system32;C:\WINDOWS;C:\WINDOWS\System32\Wbem;C:\WINDOWS\System32\WindowsPowerShell\v1.0\;C:\WINDOWS\System32\OpenSSH\;C:\Program Files\dotnet\;C:\Program Files (x86)\Git\cmd;C:\ProgramData\chocolatey\bin;C:\;C:\Program Files\nodejs;C:\Program Files\nodejs;C:\Users\User\AppData\Local\Programs\Python\Python311\Scripts\;C:\Users\User\AppData\Local\Programs\Python\Python311\;C:\Program Files\MySQL\MySQL Shell 8.0\bin\;C:\Program Files\Java\jdk-14.0.2\bin;C:\Users\User\AppData\Local\Programs\Microsoft VS Code\bin;C:\Users\User\AppData\Local\Microsoft\WindowsApps;C:\Users\User\AppData\Local\GitHubDesktop\bin;C:\MinGW\bin;C:\Users\User\Downloads;C:\Program Files\Python310;C:\Program Files\Python310\Scripts;C:\Users\User\AppData\Roaming\npm;C:\Program Files\Docker\Docker\resources\bin;C:\Program Files\Java\jdk-11.0.17;
USERNAME=User
OS=Windows_NT
PROCESSOR_IDENTIFIER=AMD64 Family 23 Model 96 Stepping 1, AuthenticAMD
TMP=C:\Users\User\AppData\Local\Temp
TEMP=C:\Users\User\AppData\Local\Temp



---------------  S Y S T E M  ---------------

OS: Windows 11 , 64 bit Build 22621 (10.0.22621.1194)
OS uptime: 23 days 14:14 hours
Hyper-V role detected

CPU:total 12 (initial active 12) (12 cores per cpu, 2 threads per core) family 23 model 96 stepping 1 microcode 0x0, cmov, cx8, fxsr, mmx, sse, sse2, sse3, ssse3, sse4.1, sse4.2, popcnt, avx, avx2, aes, clmul, mmxext, 3dnowpref, lzcnt, sse4a, ht, tsc, tscinvbit, tscinv, bmi1, bmi2, adx, sha, fma

Memory: 4k page, system-wide physical 15741M (1563M free)
TotalPageFile size 32125M (AvailPageFile size 5M)
current process WorkingSet (physical memory assigned to process): 376M, peak: 376M
current process commit charge ("private bytes"): 476M, peak: 491M

vm_info: OpenJDK 64-Bit Server VM (11.0.18+10-LTS) for windows-amd64 JRE (11.0.18+10-LTS), built on Jan 18 2023 15:56:47 by "MicrosoftCorporation" with MS VC++ 15.9 (VS2017)

END.
